2020-12-22 11:05:28,085 main DEBUG Apache Log4j Core 2.13.3 initializing configuration XmlConfiguration[location=jar:file:/home/pi/Desktop/jar/ScreenShareApp_v11.jar!/BOOT-INF/classes!/log4j2.xml]
2020-12-22 11:05:28,147 main DEBUG Installed 1 script engine
2020-12-22 11:05:29,470 main DEBUG Oracle Nashorn version: 1.8.0_212, language: ECMAScript, threading: Not Thread Safe, compile: true, names: [nashorn, Nashorn, js, JS, JavaScript, javascript, ECMAScript, ecmascript], factory class: jdk.nashorn.api.scripting.NashornScriptEngineFactory
2020-12-22 11:05:29,472 main DEBUG PluginManager 'Core' found 122 plugins
2020-12-22 11:05:29,474 main DEBUG PluginManager 'Level' found 0 plugins
2020-12-22 11:05:29,506 main DEBUG PluginManager 'Lookup' found 16 plugins
2020-12-22 11:05:29,522 main DEBUG Building Plugin[name=layout, class=org.apache.logging.log4j.core.layout.PatternLayout].
2020-12-22 11:05:29,632 main DEBUG PluginManager 'TypeConverter' found 26 plugins
2020-12-22 11:05:29,742 main DEBUG PatternLayout$Builder(pattern="%d{HH:mm:ss.SSS} [%t] %-5level %logger{36} - %msg%n", PatternSelector=null, Configuration(jar:file:/home/pi/Desktop/jar/ScreenShareApp_v11.jar!/BOOT-INF/classes!/log4j2.xml), Replace=null, charset="null", alwaysWriteExceptions="null", disableAnsi="null", noConsoleNoAnsi="null", header="null", footer="null")
2020-12-22 11:05:29,744 main DEBUG PluginManager 'Converter' found 47 plugins
2020-12-22 11:05:29,749 main DEBUG Building Plugin[name=appender, class=org.apache.logging.log4j.core.appender.ConsoleAppender].
2020-12-22 11:05:29,820 main DEBUG ConsoleAppender$Builder(target="SYSTEM_OUT", follow="null", direct="null", bufferedIo="null", bufferSize="null", immediateFlush="null", ignoreExceptions="null", PatternLayout(%d{HH:mm:ss.SSS} [%t] %-5level %logger{36} - %msg%n), name="LogToConsole", Configuration(jar:file:/home/pi/Desktop/jar/ScreenShareApp_v11.jar!/BOOT-INF/classes!/log4j2.xml), Filter=null, ={})
2020-12-22 11:05:29,840 main DEBUG Starting OutputStreamManager SYSTEM_OUT.false.false
2020-12-22 11:05:29,842 main DEBUG Building Plugin[name=layout, class=org.apache.logging.log4j.core.layout.PatternLayout].
2020-12-22 11:05:29,845 main DEBUG PatternLayout$Builder(pattern="%d %p %c{1.} [%t] %m%n", PatternSelector=null, Configuration(jar:file:/home/pi/Desktop/jar/ScreenShareApp_v11.jar!/BOOT-INF/classes!/log4j2.xml), Replace=null, charset="null", alwaysWriteExceptions="null", disableAnsi="null", noConsoleNoAnsi="null", header="null", footer="null")
2020-12-22 11:05:29,991 main DEBUG Building Plugin[name=appender, class=org.apache.logging.log4j.core.appender.FileAppender].
2020-12-22 11:05:30,010 main DEBUG FileAppender$Builder(fileName="../logs/ScreenShareAppLogs.log", append="null", locking="null", advertise="null", advertiseUri="null", createOnDemand="null", filePermissions="null", fileOwner="null", fileGroup="null", bufferedIo="null", bufferSize="null", immediateFlush="null", ignoreExceptions="null", PatternLayout(%d %p %c{1.} [%t] %m%n), name="LogToFile", Configuration(jar:file:/home/pi/Desktop/jar/ScreenShareApp_v11.jar!/BOOT-INF/classes!/log4j2.xml), Filter=null, ={})
2020-12-22 11:05:30,034 main DEBUG Starting FileManager ../logs/ScreenShareAppLogs.log
2020-12-22 11:05:30,049 main DEBUG Building Plugin[name=appenders, class=org.apache.logging.log4j.core.config.AppendersPlugin].
2020-12-22 11:05:30,052 main DEBUG createAppenders(={LogToConsole, LogToFile})
2020-12-22 11:05:30,053 main DEBUG Building Plugin[name=AppenderRef, class=org.apache.logging.log4j.core.config.AppenderRef].
2020-12-22 11:05:30,078 main DEBUG createAppenderRef(ref="LogToFile", level="null", Filter=null)
2020-12-22 11:05:30,080 main DEBUG Building Plugin[name=AppenderRef, class=org.apache.logging.log4j.core.config.AppenderRef].
2020-12-22 11:05:30,082 main DEBUG createAppenderRef(ref="LogToConsole", level="null", Filter=null)
2020-12-22 11:05:30,083 main DEBUG Building Plugin[name=logger, class=org.apache.logging.log4j.core.config.LoggerConfig].
2020-12-22 11:05:30,096 main DEBUG createLogger(additivity="false", level="DEBUG", name="com.screenshare", includeLocation="null", ={LogToFile, LogToConsole}, ={}, Configuration(jar:file:/home/pi/Desktop/jar/ScreenShareApp_v11.jar!/BOOT-INF/classes!/log4j2.xml), Filter=null)
2020-12-22 11:05:30,113 main DEBUG Building Plugin[name=AppenderRef, class=org.apache.logging.log4j.core.config.AppenderRef].
2020-12-22 11:05:30,116 main DEBUG createAppenderRef(ref="LogToConsole", level="null", Filter=null)
2020-12-22 11:05:30,117 main DEBUG Building Plugin[name=logger, class=org.apache.logging.log4j.core.config.LoggerConfig].
2020-12-22 11:05:30,122 main DEBUG createLogger(additivity="false", level="ERROR", name="org.springframework.boot", includeLocation="null", ={LogToConsole}, ={}, Configuration(jar:file:/home/pi/Desktop/jar/ScreenShareApp_v11.jar!/BOOT-INF/classes!/log4j2.xml), Filter=null)
2020-12-22 11:05:30,124 main DEBUG Building Plugin[name=AppenderRef, class=org.apache.logging.log4j.core.config.AppenderRef].
2020-12-22 11:05:30,130 main DEBUG createAppenderRef(ref="LogToFile", level="null", Filter=null)
2020-12-22 11:05:30,131 main DEBUG Building Plugin[name=AppenderRef, class=org.apache.logging.log4j.core.config.AppenderRef].
2020-12-22 11:05:30,134 main DEBUG createAppenderRef(ref="LogToConsole", level="null", Filter=null)
2020-12-22 11:05:30,135 main DEBUG Building Plugin[name=root, class=org.apache.logging.log4j.core.config.LoggerConfig$RootLogger].
2020-12-22 11:05:30,139 main DEBUG createLogger(additivity="null", level="ERROR", includeLocation="null", ={LogToFile, LogToConsole}, ={}, Configuration(jar:file:/home/pi/Desktop/jar/ScreenShareApp_v11.jar!/BOOT-INF/classes!/log4j2.xml), Filter=null)
2020-12-22 11:05:30,146 main DEBUG Building Plugin[name=loggers, class=org.apache.logging.log4j.core.config.LoggersPlugin].
2020-12-22 11:05:30,152 main DEBUG createLoggers(={com.screenshare, org.springframework.boot, root})
2020-12-22 11:05:30,161 main DEBUG Configuration XmlConfiguration[location=jar:file:/home/pi/Desktop/jar/ScreenShareApp_v11.jar!/BOOT-INF/classes!/log4j2.xml] initialized
2020-12-22 11:05:30,162 main DEBUG Starting configuration XmlConfiguration[location=jar:file:/home/pi/Desktop/jar/ScreenShareApp_v11.jar!/BOOT-INF/classes!/log4j2.xml]
2020-12-22 11:05:30,163 main DEBUG Started configuration XmlConfiguration[location=jar:file:/home/pi/Desktop/jar/ScreenShareApp_v11.jar!/BOOT-INF/classes!/log4j2.xml] OK.
2020-12-22 11:05:30,167 main DEBUG Shutting down OutputStreamManager SYSTEM_OUT.false.false-1
2020-12-22 11:05:30,168 main DEBUG OutputStream closed
2020-12-22 11:05:30,170 main DEBUG Shut down OutputStreamManager SYSTEM_OUT.false.false-1, all resources released: true
2020-12-22 11:05:30,171 main DEBUG Appender DefaultConsole-1 stopped with status true
2020-12-22 11:05:30,173 main DEBUG Stopped org.apache.logging.log4j.core.config.DefaultConfiguration@128c243 OK
2020-12-22 11:05:30,383 main DEBUG Registering MBean org.apache.logging.log4j2:type=1fa135a
2020-12-22 11:05:30,398 main DEBUG Registering MBean org.apache.logging.log4j2:type=1fa135a,component=StatusLogger
2020-12-22 11:05:30,410 main DEBUG Registering MBean org.apache.logging.log4j2:type=1fa135a,component=ContextSelector
2020-12-22 11:05:30,423 main DEBUG Registering MBean org.apache.logging.log4j2:type=1fa135a,component=Loggers,name=org.springframework.boot
2020-12-22 11:05:30,426 main DEBUG Registering MBean org.apache.logging.log4j2:type=1fa135a,component=Loggers,name=
2020-12-22 11:05:30,428 main DEBUG Registering MBean org.apache.logging.log4j2:type=1fa135a,component=Loggers,name=com.screenshare
2020-12-22 11:05:30,438 main DEBUG Registering MBean org.apache.logging.log4j2:type=1fa135a,component=Appenders,name=LogToConsole
2020-12-22 11:05:30,441 main DEBUG Registering MBean org.apache.logging.log4j2:type=1fa135a,component=Appenders,name=LogToFile
2020-12-22 11:05:30,466 main DEBUG org.apache.logging.log4j.core.util.SystemClock does not support precise timestamps.
2020-12-22 11:05:30,473 main DEBUG Reconfiguration complete for context[name=1fa135a] at URI jar:file:/home/pi/Desktop/jar/ScreenShareApp_v11.jar!/BOOT-INF/classes!/log4j2.xml (org.apache.logging.log4j.core.LoggerContext@f7c8c1) with optional ClassLoader: null
2020-12-22 11:05:30,475 main DEBUG Shutdown hook enabled. Registering a new one.
2020-12-22 11:05:30,480 main DEBUG LoggerContext[name=1fa135a, org.apache.logging.log4j.core.LoggerContext@f7c8c1] started OK.
11:05:30.523 [main] INFO  com.screenshare.AppStart - triggerBrowser
2020-12-22 11:05:30,579 main DEBUG AsyncLogger.ThreadNameStrategy=UNCACHED (user specified null, default is UNCACHED)
2020-12-22 11:05:30,580 main DEBUG org.apache.logging.log4j.core.util.SystemClock does not support precise timestamps.
Starting ChromeDriver 85.0.4183.121 (a7bcf80b1cbdc9fc6df7caab3b3955c0926be467-refs/branch-heads/4240@{#1474}) on port 27082
Only local connections are allowed.
Please see https://chromedriver.chromium.org/security-considerations for suggestions on keeping ChromeDriver safe.
ChromeDriver was started successfully.
2020-12-22 11:05:34,925 main DEBUG Reconfiguration started for context[name=1fa135a] at URI null (org.apache.logging.log4j.core.LoggerContext@f7c8c1) with optional ClassLoader: null
2020-12-22 11:05:34,927 main DEBUG Using configurationFactory org.apache.logging.log4j.core.config.ConfigurationFactory$Factory@183da2e
2020-12-22 11:05:35,177 main INFO Log4j appears to be running in a Servlet environment, but there's no log4j-web module available. If you want better web container support, please add the log4j-web JAR to your web archive or server lib directory.
2020-12-22 11:05:35,228 main DEBUG Closing ZipInflaterInputStream org.springframework.boot.loader.jar.ZipInflaterInputStream@4102b8
2020-12-22 11:05:35,272 main DEBUG Apache Log4j Core 2.13.3 initializing configuration XmlConfiguration[location=jar:file:/home/pi/Desktop/jar/ScreenShareApp_v11.jar!/BOOT-INF/classes!/log4j2.xml]
2020-12-22 11:05:35,301 main DEBUG Installed 1 script engine
2020-12-22 11:05:35,352 main DEBUG Oracle Nashorn version: 1.8.0_212, language: ECMAScript, threading: Not Thread Safe, compile: true, names: [nashorn, Nashorn, js, JS, JavaScript, javascript, ECMAScript, ecmascript], factory class: jdk.nashorn.api.scripting.NashornScriptEngineFactory
2020-12-22 11:05:35,355 main DEBUG PluginManager 'Core' found 122 plugins
2020-12-22 11:05:35,356 main DEBUG PluginManager 'Level' found 0 plugins
2020-12-22 11:05:35,361 main DEBUG PluginManager 'Lookup' found 16 plugins
2020-12-22 11:05:35,370 main DEBUG Building Plugin[name=layout, class=org.apache.logging.log4j.core.layout.PatternLayout].
2020-12-22 11:05:35,373 main DEBUG PatternLayout$Builder(pattern="%d{HH:mm:ss.SSS} [%t] %-5level %logger{36} - %msg%n", PatternSelector=null, Configuration(jar:file:/home/pi/Desktop/jar/ScreenShareApp_v11.jar!/BOOT-INF/classes!/log4j2.xml), Replace=null, charset="null", alwaysWriteExceptions="null", disableAnsi="null", noConsoleNoAnsi="null", header="null", footer="null")
2020-12-22 11:05:35,375 main DEBUG PluginManager 'Converter' found 47 plugins
2020-12-22 11:05:35,379 main DEBUG Building Plugin[name=appender, class=org.apache.logging.log4j.core.appender.ConsoleAppender].
2020-12-22 11:05:35,382 main DEBUG ConsoleAppender$Builder(target="SYSTEM_OUT", follow="null", direct="null", bufferedIo="null", bufferSize="null", immediateFlush="null", ignoreExceptions="null", PatternLayout(%d{HH:mm:ss.SSS} [%t] %-5level %logger{36} - %msg%n), name="LogToConsole", Configuration(jar:file:/home/pi/Desktop/jar/ScreenShareApp_v11.jar!/BOOT-INF/classes!/log4j2.xml), Filter=null, ={})
2020-12-22 11:05:35,396 main DEBUG Building Plugin[name=layout, class=org.apache.logging.log4j.core.layout.PatternLayout].
2020-12-22 11:05:35,399 main DEBUG PatternLayout$Builder(pattern="%d %p %c{1.} [%t] %m%n", PatternSelector=null, Configuration(jar:file:/home/pi/Desktop/jar/ScreenShareApp_v11.jar!/BOOT-INF/classes!/log4j2.xml), Replace=null, charset="null", alwaysWriteExceptions="null", disableAnsi="null", noConsoleNoAnsi="null", header="null", footer="null")
2020-12-22 11:05:35,402 main DEBUG Building Plugin[name=appender, class=org.apache.logging.log4j.core.appender.FileAppender].
2020-12-22 11:05:35,406 main DEBUG FileAppender$Builder(fileName="../logs/ScreenShareAppLogs.log", append="null", locking="null", advertise="null", advertiseUri="null", createOnDemand="null", filePermissions="null", fileOwner="null", fileGroup="null", bufferedIo="null", bufferSize="null", immediateFlush="null", ignoreExceptions="null", PatternLayout(%d %p %c{1.} [%t] %m%n), name="LogToFile", Configuration(jar:file:/home/pi/Desktop/jar/ScreenShareApp_v11.jar!/BOOT-INF/classes!/log4j2.xml), Filter=null, ={})
2020-12-22 11:05:35,408 main DEBUG Building Plugin[name=appenders, class=org.apache.logging.log4j.core.config.AppendersPlugin].
2020-12-22 11:05:35,410 main DEBUG createAppenders(={LogToConsole, LogToFile})
2020-12-22 11:05:35,412 main DEBUG Building Plugin[name=AppenderRef, class=org.apache.logging.log4j.core.config.AppenderRef].
2020-12-22 11:05:35,415 main DEBUG createAppenderRef(ref="LogToFile", level="null", Filter=null)
2020-12-22 11:05:35,417 main DEBUG Building Plugin[name=AppenderRef, class=org.apache.logging.log4j.core.config.AppenderRef].
2020-12-22 11:05:35,420 main DEBUG createAppenderRef(ref="LogToConsole", level="null", Filter=null)
2020-12-22 11:05:35,422 main DEBUG Building Plugin[name=logger, class=org.apache.logging.log4j.core.config.LoggerConfig].
2020-12-22 11:05:35,426 main DEBUG createLogger(additivity="false", level="DEBUG", name="com.screenshare", includeLocation="null", ={LogToFile, LogToConsole}, ={}, Configuration(jar:file:/home/pi/Desktop/jar/ScreenShareApp_v11.jar!/BOOT-INF/classes!/log4j2.xml), Filter=null)
2020-12-22 11:05:35,428 main DEBUG Building Plugin[name=AppenderRef, class=org.apache.logging.log4j.core.config.AppenderRef].
2020-12-22 11:05:35,430 main DEBUG createAppenderRef(ref="LogToConsole", level="null", Filter=null)
2020-12-22 11:05:35,432 main DEBUG Building Plugin[name=logger, class=org.apache.logging.log4j.core.config.LoggerConfig].
2020-12-22 11:05:35,437 main DEBUG createLogger(additivity="false", level="ERROR", name="org.springframework.boot", includeLocation="null", ={LogToConsole}, ={}, Configuration(jar:file:/home/pi/Desktop/jar/ScreenShareApp_v11.jar!/BOOT-INF/classes!/log4j2.xml), Filter=null)
2020-12-22 11:05:35,438 main DEBUG Building Plugin[name=AppenderRef, class=org.apache.logging.log4j.core.config.AppenderRef].
2020-12-22 11:05:35,441 main DEBUG createAppenderRef(ref="LogToFile", level="null", Filter=null)
2020-12-22 11:05:35,443 main DEBUG Building Plugin[name=AppenderRef, class=org.apache.logging.log4j.core.config.AppenderRef].
2020-12-22 11:05:35,445 main DEBUG createAppenderRef(ref="LogToConsole", level="null", Filter=null)
2020-12-22 11:05:35,447 main DEBUG Building Plugin[name=root, class=org.apache.logging.log4j.core.config.LoggerConfig$RootLogger].
2020-12-22 11:05:35,451 main DEBUG createLogger(additivity="null", level="ERROR", includeLocation="null", ={LogToFile, LogToConsole}, ={}, Configuration(jar:file:/home/pi/Desktop/jar/ScreenShareApp_v11.jar!/BOOT-INF/classes!/log4j2.xml), Filter=null)
2020-12-22 11:05:35,452 main DEBUG Building Plugin[name=loggers, class=org.apache.logging.log4j.core.config.LoggersPlugin].
2020-12-22 11:05:35,455 main DEBUG createLoggers(={com.screenshare, org.springframework.boot, root})
2020-12-22 11:05:35,457 main DEBUG Configuration XmlConfiguration[location=jar:file:/home/pi/Desktop/jar/ScreenShareApp_v11.jar!/BOOT-INF/classes!/log4j2.xml] initialized
2020-12-22 11:05:35,458 main DEBUG Starting configuration XmlConfiguration[location=jar:file:/home/pi/Desktop/jar/ScreenShareApp_v11.jar!/BOOT-INF/classes!/log4j2.xml]
2020-12-22 11:05:35,460 main DEBUG Started configuration XmlConfiguration[location=jar:file:/home/pi/Desktop/jar/ScreenShareApp_v11.jar!/BOOT-INF/classes!/log4j2.xml] OK.
2020-12-22 11:05:35,463 main DEBUG Appender LogToFile stopped with status true
2020-12-22 11:05:35,466 main DEBUG Appender LogToConsole stopped with status true
2020-12-22 11:05:35,468 main DEBUG Stopped XmlConfiguration[location=jar:file:/home/pi/Desktop/jar/ScreenShareApp_v11.jar!/BOOT-INF/classes!/log4j2.xml] OK
2020-12-22 11:05:35,478 main DEBUG Registering MBean org.apache.logging.log4j2:type=1fa135a
2020-12-22 11:05:35,480 main DEBUG Registering MBean org.apache.logging.log4j2:type=1fa135a,component=StatusLogger
2020-12-22 11:05:35,483 main DEBUG Registering MBean org.apache.logging.log4j2:type=1fa135a,component=ContextSelector
2020-12-22 11:05:35,485 main DEBUG Registering MBean org.apache.logging.log4j2:type=1fa135a,component=Loggers,name=org.springframework.boot
2020-12-22 11:05:35,487 main DEBUG Registering MBean org.apache.logging.log4j2:type=1fa135a,component=Loggers,name=
2020-12-22 11:05:35,489 main DEBUG Registering MBean org.apache.logging.log4j2:type=1fa135a,component=Loggers,name=com.screenshare
2020-12-22 11:05:35,492 main DEBUG Registering MBean org.apache.logging.log4j2:type=1fa135a,component=Appenders,name=LogToConsole
2020-12-22 11:05:35,494 main DEBUG Registering MBean org.apache.logging.log4j2:type=1fa135a,component=Appenders,name=LogToFile
2020-12-22 11:05:35,496 main DEBUG Reconfiguration complete for context[name=1fa135a] at URI jar:file:/home/pi/Desktop/jar/ScreenShareApp_v11.jar!/BOOT-INF/classes!/log4j2.xml (org.apache.logging.log4j.core.LoggerContext@f7c8c1) with optional ClassLoader: null

  .   ____          _            __ _ _
 /\\ / ___'_ __ _ _(_)_ __  __ _ \ \ \ \
( ( )\___ | '_ | '_| | '_ \/ _` | \ \ \ \
 \\/  ___)| |_)| | | | | || (_| |  ) ) ) )
  '  |____| .__|_| |_|_| |_\__, | / / / /
 =========|_|==============|___/=/_/_/_/
 :: Spring Boot ::                (v2.4.1)

11:05:36.457 [main] INFO  com.screenshare.AppStart - Starting AppStart v0.0.1-SNAPSHOT using Java 1.8.0_212 on raspberrypi with PID 1056 (/home/pi/Desktop/jar/ScreenShareApp_v11.jar started by pi in /home/pi/Desktop/control)
11:05:36.475 [main] DEBUG com.screenshare.AppStart - Running with Spring Boot v2.4.1, Spring v5.3.2
11:05:36.479 [main] INFO  com.screenshare.AppStart - No active profile set, falling back to default profiles: default
Exception in thread "Thread-1" org.openqa.selenium.WebDriverException: unknown error: Chrome failed to start: exited abnormally.
  (chrome not reachable)
  (The process started from chrome location /usr/bin/chromium-browser is no longer running, so ChromeDriver is assuming that Chrome has crashed.)
Build info: version: 'unknown', revision: 'unknown', time: 'unknown'
System info: host: 'raspberrypi', ip: '127.0.1.1', os.name: 'Linux', os.arch: 'arm', os.version: '5.4.79-v7+', java.version: '1.8.0_212'
Driver info: driver.version: ChromeDriver
remote stacktrace: 
	at sun.reflect.NativeConstructorAccessorImpl.newInstance0(Native Method)
	at sun.reflect.NativeConstructorAccessorImpl.newInstance(NativeConstructorAccessorImpl.java:62)
	at sun.reflect.DelegatingConstructorAccessorImpl.newInstance(DelegatingConstructorAccessorImpl.java:45)
	at java.lang.reflect.Constructor.newInstance(Constructor.java:423)
	at org.openqa.selenium.remote.W3CHandshakeResponse.lambda$errorHandler$0(W3CHandshakeResponse.java:62)
	at org.openqa.selenium.remote.HandshakeResponse.lambda$getResponseFunction$0(HandshakeResponse.java:30)
	at org.openqa.selenium.remote.ProtocolHandshake.lambda$createSession$0(ProtocolHandshake.java:126)
	at java.util.stream.ReferencePipeline$3$1.accept(ReferencePipeline.java:193)
	at java.util.Spliterators$ArraySpliterator.tryAdvance(Spliterators.java:958)
	at java.util.stream.ReferencePipeline.forEachWithCancel(ReferencePipeline.java:126)
	at java.util.stream.AbstractPipeline.copyIntoWithCancel(AbstractPipeline.java:499)
	at java.util.stream.AbstractPipeline.copyInto(AbstractPipeline.java:486)
	at java.util.stream.AbstractPipeline.wrapAndCopyInto(AbstractPipeline.java:472)
	at java.util.stream.FindOps$FindOp.evaluateSequential(FindOps.java:152)
	at java.util.stream.AbstractPipeline.evaluate(AbstractPipeline.java:234)
	at java.util.stream.ReferencePipeline.findFirst(ReferencePipeline.java:464)
	at org.openqa.selenium.remote.ProtocolHandshake.createSession(ProtocolHandshake.java:128)
	at org.openqa.selenium.remote.ProtocolHandshake.createSession(ProtocolHandshake.java:74)
	at org.openqa.selenium.remote.HttpCommandExecutor.execute(HttpCommandExecutor.java:136)
	at org.openqa.selenium.remote.service.DriverCommandExecutor.execute(DriverCommandExecutor.java:83)
	at org.openqa.selenium.remote.RemoteWebDriver.execute(RemoteWebDriver.java:552)
	at org.openqa.selenium.remote.RemoteWebDriver.startSession(RemoteWebDriver.java:213)
	at org.openqa.selenium.remote.RemoteWebDriver.<init>(RemoteWebDriver.java:131)
	at org.openqa.selenium.chrome.ChromeDriver.<init>(ChromeDriver.java:181)
	at org.openqa.selenium.chrome.ChromeDriver.<init>(ChromeDriver.java:168)
	at org.openqa.selenium.chrome.ChromeDriver.<init>(ChromeDriver.java:157)
	at com.screenshare.AppStart.lambda$0(AppStart.java:52)
	at java.lang.Thread.run(Thread.java:748)
11:05:49.028 [main] INFO  com.screenshare.AppStart - Started AppStart in 16.981 seconds (JVM running for 26.859)
2020-12-22 11:07:19,728 main DEBUG Apache Log4j Core 2.13.3 initializing configuration XmlConfiguration[location=jar:file:/home/pi/Desktop/jar/ScreenShareApp_v11.jar!/BOOT-INF/classes!/log4j2.xml]
2020-12-22 11:07:19,797 main DEBUG Installed 1 script engine
2020-12-22 11:07:21,124 main DEBUG Oracle Nashorn version: 1.8.0_212, language: ECMAScript, threading: Not Thread Safe, compile: true, names: [nashorn, Nashorn, js, JS, JavaScript, javascript, ECMAScript, ecmascript], factory class: jdk.nashorn.api.scripting.NashornScriptEngineFactory
2020-12-22 11:07:21,127 main DEBUG PluginManager 'Core' found 122 plugins
2020-12-22 11:07:21,128 main DEBUG PluginManager 'Level' found 0 plugins
2020-12-22 11:07:21,161 main DEBUG PluginManager 'Lookup' found 16 plugins
2020-12-22 11:07:21,178 main DEBUG Building Plugin[name=layout, class=org.apache.logging.log4j.core.layout.PatternLayout].
2020-12-22 11:07:21,273 main DEBUG PluginManager 'TypeConverter' found 26 plugins
2020-12-22 11:07:21,377 main DEBUG PatternLayout$Builder(pattern="%d{HH:mm:ss.SSS} [%t] %-5level %logger{36} - %msg%n", PatternSelector=null, Configuration(jar:file:/home/pi/Desktop/jar/ScreenShareApp_v11.jar!/BOOT-INF/classes!/log4j2.xml), Replace=null, charset="null", alwaysWriteExceptions="null", disableAnsi="null", noConsoleNoAnsi="null", header="null", footer="null")
2020-12-22 11:07:21,379 main DEBUG PluginManager 'Converter' found 47 plugins
2020-12-22 11:07:21,383 main DEBUG Building Plugin[name=appender, class=org.apache.logging.log4j.core.appender.ConsoleAppender].
2020-12-22 11:07:21,460 main DEBUG ConsoleAppender$Builder(target="SYSTEM_OUT", follow="null", direct="null", bufferedIo="null", bufferSize="null", immediateFlush="null", ignoreExceptions="null", PatternLayout(%d{HH:mm:ss.SSS} [%t] %-5level %logger{36} - %msg%n), name="LogToConsole", Configuration(jar:file:/home/pi/Desktop/jar/ScreenShareApp_v11.jar!/BOOT-INF/classes!/log4j2.xml), Filter=null, ={})
2020-12-22 11:07:21,475 main DEBUG Starting OutputStreamManager SYSTEM_OUT.false.false
2020-12-22 11:07:21,477 main DEBUG Building Plugin[name=layout, class=org.apache.logging.log4j.core.layout.PatternLayout].
2020-12-22 11:07:21,481 main DEBUG PatternLayout$Builder(pattern="%d %p %c{1.} [%t] %m%n", PatternSelector=null, Configuration(jar:file:/home/pi/Desktop/jar/ScreenShareApp_v11.jar!/BOOT-INF/classes!/log4j2.xml), Replace=null, charset="null", alwaysWriteExceptions="null", disableAnsi="null", noConsoleNoAnsi="null", header="null", footer="null")
2020-12-22 11:07:21,649 main DEBUG Building Plugin[name=appender, class=org.apache.logging.log4j.core.appender.FileAppender].
2020-12-22 11:07:21,668 main DEBUG FileAppender$Builder(fileName="../logs/ScreenShareAppLogs.log", append="null", locking="null", advertise="null", advertiseUri="null", createOnDemand="null", filePermissions="null", fileOwner="null", fileGroup="null", bufferedIo="null", bufferSize="null", immediateFlush="null", ignoreExceptions="null", PatternLayout(%d %p %c{1.} [%t] %m%n), name="LogToFile", Configuration(jar:file:/home/pi/Desktop/jar/ScreenShareApp_v11.jar!/BOOT-INF/classes!/log4j2.xml), Filter=null, ={})
2020-12-22 11:07:21,686 main DEBUG Starting FileManager ../logs/ScreenShareAppLogs.log
2020-12-22 11:07:21,700 main DEBUG Building Plugin[name=appenders, class=org.apache.logging.log4j.core.config.AppendersPlugin].
2020-12-22 11:07:21,718 main DEBUG createAppenders(={LogToConsole, LogToFile})
2020-12-22 11:07:21,720 main DEBUG Building Plugin[name=AppenderRef, class=org.apache.logging.log4j.core.config.AppenderRef].
2020-12-22 11:07:21,742 main DEBUG createAppenderRef(ref="LogToFile", level="null", Filter=null)
2020-12-22 11:07:21,743 main DEBUG Building Plugin[name=AppenderRef, class=org.apache.logging.log4j.core.config.AppenderRef].
2020-12-22 11:07:21,745 main DEBUG createAppenderRef(ref="LogToConsole", level="null", Filter=null)
2020-12-22 11:07:21,747 main DEBUG Building Plugin[name=logger, class=org.apache.logging.log4j.core.config.LoggerConfig].
2020-12-22 11:07:21,758 main DEBUG createLogger(additivity="false", level="DEBUG", name="com.screenshare", includeLocation="null", ={LogToFile, LogToConsole}, ={}, Configuration(jar:file:/home/pi/Desktop/jar/ScreenShareApp_v11.jar!/BOOT-INF/classes!/log4j2.xml), Filter=null)
2020-12-22 11:07:21,773 main DEBUG Building Plugin[name=AppenderRef, class=org.apache.logging.log4j.core.config.AppenderRef].
2020-12-22 11:07:21,776 main DEBUG createAppenderRef(ref="LogToConsole", level="null", Filter=null)
2020-12-22 11:07:21,777 main DEBUG Building Plugin[name=logger, class=org.apache.logging.log4j.core.config.LoggerConfig].
2020-12-22 11:07:21,781 main DEBUG createLogger(additivity="false", level="ERROR", name="org.springframework.boot", includeLocation="null", ={LogToConsole}, ={}, Configuration(jar:file:/home/pi/Desktop/jar/ScreenShareApp_v11.jar!/BOOT-INF/classes!/log4j2.xml), Filter=null)
2020-12-22 11:07:21,783 main DEBUG Building Plugin[name=AppenderRef, class=org.apache.logging.log4j.core.config.AppenderRef].
2020-12-22 11:07:21,789 main DEBUG createAppenderRef(ref="LogToFile", level="null", Filter=null)
2020-12-22 11:07:21,790 main DEBUG Building Plugin[name=AppenderRef, class=org.apache.logging.log4j.core.config.AppenderRef].
2020-12-22 11:07:21,792 main DEBUG createAppenderRef(ref="LogToConsole", level="null", Filter=null)
2020-12-22 11:07:21,793 main DEBUG Building Plugin[name=root, class=org.apache.logging.log4j.core.config.LoggerConfig$RootLogger].
2020-12-22 11:07:21,797 main DEBUG createLogger(additivity="null", level="ERROR", includeLocation="null", ={LogToFile, LogToConsole}, ={}, Configuration(jar:file:/home/pi/Desktop/jar/ScreenShareApp_v11.jar!/BOOT-INF/classes!/log4j2.xml), Filter=null)
2020-12-22 11:07:21,802 main DEBUG Building Plugin[name=loggers, class=org.apache.logging.log4j.core.config.LoggersPlugin].
2020-12-22 11:07:21,808 main DEBUG createLoggers(={com.screenshare, org.springframework.boot, root})
2020-12-22 11:07:21,816 main DEBUG Configuration XmlConfiguration[location=jar:file:/home/pi/Desktop/jar/ScreenShareApp_v11.jar!/BOOT-INF/classes!/log4j2.xml] initialized
2020-12-22 11:07:21,817 main DEBUG Starting configuration XmlConfiguration[location=jar:file:/home/pi/Desktop/jar/ScreenShareApp_v11.jar!/BOOT-INF/classes!/log4j2.xml]
2020-12-22 11:07:21,818 main DEBUG Started configuration XmlConfiguration[location=jar:file:/home/pi/Desktop/jar/ScreenShareApp_v11.jar!/BOOT-INF/classes!/log4j2.xml] OK.
2020-12-22 11:07:21,821 main DEBUG Shutting down OutputStreamManager SYSTEM_OUT.false.false-1
2020-12-22 11:07:21,823 main DEBUG OutputStream closed
2020-12-22 11:07:21,824 main DEBUG Shut down OutputStreamManager SYSTEM_OUT.false.false-1, all resources released: true
2020-12-22 11:07:21,825 main DEBUG Appender DefaultConsole-1 stopped with status true
2020-12-22 11:07:21,827 main DEBUG Stopped org.apache.logging.log4j.core.config.DefaultConfiguration@128c243 OK
2020-12-22 11:07:22,051 main DEBUG Registering MBean org.apache.logging.log4j2:type=1fa135a
2020-12-22 11:07:22,072 main DEBUG Registering MBean org.apache.logging.log4j2:type=1fa135a,component=StatusLogger
2020-12-22 11:07:22,084 main DEBUG Registering MBean org.apache.logging.log4j2:type=1fa135a,component=ContextSelector
2020-12-22 11:07:22,099 main DEBUG Registering MBean org.apache.logging.log4j2:type=1fa135a,component=Loggers,name=org.springframework.boot
2020-12-22 11:07:22,102 main DEBUG Registering MBean org.apache.logging.log4j2:type=1fa135a,component=Loggers,name=
2020-12-22 11:07:22,104 main DEBUG Registering MBean org.apache.logging.log4j2:type=1fa135a,component=Loggers,name=com.screenshare
2020-12-22 11:07:22,114 main DEBUG Registering MBean org.apache.logging.log4j2:type=1fa135a,component=Appenders,name=LogToConsole
2020-12-22 11:07:22,118 main DEBUG Registering MBean org.apache.logging.log4j2:type=1fa135a,component=Appenders,name=LogToFile
2020-12-22 11:07:22,146 main DEBUG org.apache.logging.log4j.core.util.SystemClock does not support precise timestamps.
2020-12-22 11:07:22,154 main DEBUG Reconfiguration complete for context[name=1fa135a] at URI jar:file:/home/pi/Desktop/jar/ScreenShareApp_v11.jar!/BOOT-INF/classes!/log4j2.xml (org.apache.logging.log4j.core.LoggerContext@f7c8c1) with optional ClassLoader: null
2020-12-22 11:07:22,155 main DEBUG Shutdown hook enabled. Registering a new one.
2020-12-22 11:07:22,160 main DEBUG LoggerContext[name=1fa135a, org.apache.logging.log4j.core.LoggerContext@f7c8c1] started OK.
11:07:22.203 [main] INFO  com.screenshare.AppStart - triggerBrowser
2020-12-22 11:07:22,258 main DEBUG AsyncLogger.ThreadNameStrategy=UNCACHED (user specified null, default is UNCACHED)
2020-12-22 11:07:22,260 main DEBUG org.apache.logging.log4j.core.util.SystemClock does not support precise timestamps.
Starting ChromeDriver 85.0.4183.121 (a7bcf80b1cbdc9fc6df7caab3b3955c0926be467-refs/branch-heads/4240@{#1474}) on port 5166
Only local connections are allowed.
Please see https://chromedriver.chromium.org/security-considerations for suggestions on keeping ChromeDriver safe.
ChromeDriver was started successfully.
2020-12-22 11:07:26,615 main DEBUG Reconfiguration started for context[name=1fa135a] at URI null (org.apache.logging.log4j.core.LoggerContext@f7c8c1) with optional ClassLoader: null
2020-12-22 11:07:26,617 main DEBUG Using configurationFactory org.apache.logging.log4j.core.config.ConfigurationFactory$Factory@183da2e
2020-12-22 11:07:26,868 main INFO Log4j appears to be running in a Servlet environment, but there's no log4j-web module available. If you want better web container support, please add the log4j-web JAR to your web archive or server lib directory.
2020-12-22 11:07:26,925 main DEBUG Closing ZipInflaterInputStream org.springframework.boot.loader.jar.ZipInflaterInputStream@4102b8
2020-12-22 11:07:26,969 main DEBUG Apache Log4j Core 2.13.3 initializing configuration XmlConfiguration[location=jar:file:/home/pi/Desktop/jar/ScreenShareApp_v11.jar!/BOOT-INF/classes!/log4j2.xml]
2020-12-22 11:07:26,976 main DEBUG Installed 1 script engine
2020-12-22 11:07:27,033 main DEBUG Oracle Nashorn version: 1.8.0_212, language: ECMAScript, threading: Not Thread Safe, compile: true, names: [nashorn, Nashorn, js, JS, JavaScript, javascript, ECMAScript, ecmascript], factory class: jdk.nashorn.api.scripting.NashornScriptEngineFactory
2020-12-22 11:07:27,036 main DEBUG PluginManager 'Core' found 122 plugins
2020-12-22 11:07:27,037 main DEBUG PluginManager 'Level' found 0 plugins
2020-12-22 11:07:27,041 main DEBUG PluginManager 'Lookup' found 16 plugins
2020-12-22 11:07:27,049 main DEBUG Building Plugin[name=layout, class=org.apache.logging.log4j.core.layout.PatternLayout].
2020-12-22 11:07:27,052 main DEBUG PatternLayout$Builder(pattern="%d{HH:mm:ss.SSS} [%t] %-5level %logger{36} - %msg%n", PatternSelector=null, Configuration(jar:file:/home/pi/Desktop/jar/ScreenShareApp_v11.jar!/BOOT-INF/classes!/log4j2.xml), Replace=null, charset="null", alwaysWriteExceptions="null", disableAnsi="null", noConsoleNoAnsi="null", header="null", footer="null")
2020-12-22 11:07:27,054 main DEBUG PluginManager 'Converter' found 47 plugins
2020-12-22 11:07:27,058 main DEBUG Building Plugin[name=appender, class=org.apache.logging.log4j.core.appender.ConsoleAppender].
2020-12-22 11:07:27,062 main DEBUG ConsoleAppender$Builder(target="SYSTEM_OUT", follow="null", direct="null", bufferedIo="null", bufferSize="null", immediateFlush="null", ignoreExceptions="null", PatternLayout(%d{HH:mm:ss.SSS} [%t] %-5level %logger{36} - %msg%n), name="LogToConsole", Configuration(jar:file:/home/pi/Desktop/jar/ScreenShareApp_v11.jar!/BOOT-INF/classes!/log4j2.xml), Filter=null, ={})
2020-12-22 11:07:27,077 main DEBUG Building Plugin[name=layout, class=org.apache.logging.log4j.core.layout.PatternLayout].
2020-12-22 11:07:27,080 main DEBUG PatternLayout$Builder(pattern="%d %p %c{1.} [%t] %m%n", PatternSelector=null, Configuration(jar:file:/home/pi/Desktop/jar/ScreenShareApp_v11.jar!/BOOT-INF/classes!/log4j2.xml), Replace=null, charset="null", alwaysWriteExceptions="null", disableAnsi="null", noConsoleNoAnsi="null", header="null", footer="null")
2020-12-22 11:07:27,084 main DEBUG Building Plugin[name=appender, class=org.apache.logging.log4j.core.appender.FileAppender].
2020-12-22 11:07:27,088 main DEBUG FileAppender$Builder(fileName="../logs/ScreenShareAppLogs.log", append="null", locking="null", advertise="null", advertiseUri="null", createOnDemand="null", filePermissions="null", fileOwner="null", fileGroup="null", bufferedIo="null", bufferSize="null", immediateFlush="null", ignoreExceptions="null", PatternLayout(%d %p %c{1.} [%t] %m%n), name="LogToFile", Configuration(jar:file:/home/pi/Desktop/jar/ScreenShareApp_v11.jar!/BOOT-INF/classes!/log4j2.xml), Filter=null, ={})
2020-12-22 11:07:27,090 main DEBUG Building Plugin[name=appenders, class=org.apache.logging.log4j.core.config.AppendersPlugin].
2020-12-22 11:07:27,092 main DEBUG createAppenders(={LogToConsole, LogToFile})
2020-12-22 11:07:27,094 main DEBUG Building Plugin[name=AppenderRef, class=org.apache.logging.log4j.core.config.AppenderRef].
2020-12-22 11:07:27,098 main DEBUG createAppenderRef(ref="LogToFile", level="null", Filter=null)
2020-12-22 11:07:27,099 main DEBUG Building Plugin[name=AppenderRef, class=org.apache.logging.log4j.core.config.AppenderRef].
2020-12-22 11:07:27,102 main DEBUG createAppenderRef(ref="LogToConsole", level="null", Filter=null)
2020-12-22 11:07:27,104 main DEBUG Building Plugin[name=logger, class=org.apache.logging.log4j.core.config.LoggerConfig].
2020-12-22 11:07:27,109 main DEBUG createLogger(additivity="false", level="DEBUG", name="com.screenshare", includeLocation="null", ={LogToFile, LogToConsole}, ={}, Configuration(jar:file:/home/pi/Desktop/jar/ScreenShareApp_v11.jar!/BOOT-INF/classes!/log4j2.xml), Filter=null)
2020-12-22 11:07:27,111 main DEBUG Building Plugin[name=AppenderRef, class=org.apache.logging.log4j.core.config.AppenderRef].
2020-12-22 11:07:27,114 main DEBUG createAppenderRef(ref="LogToConsole", level="null", Filter=null)
2020-12-22 11:07:27,115 main DEBUG Building Plugin[name=logger, class=org.apache.logging.log4j.core.config.LoggerConfig].
2020-12-22 11:07:27,120 main DEBUG createLogger(additivity="false", level="ERROR", name="org.springframework.boot", includeLocation="null", ={LogToConsole}, ={}, Configuration(jar:file:/home/pi/Desktop/jar/ScreenShareApp_v11.jar!/BOOT-INF/classes!/log4j2.xml), Filter=null)
2020-12-22 11:07:27,123 main DEBUG Building Plugin[name=AppenderRef, class=org.apache.logging.log4j.core.config.AppenderRef].
2020-12-22 11:07:27,126 main DEBUG createAppenderRef(ref="LogToFile", level="null", Filter=null)
2020-12-22 11:07:27,128 main DEBUG Building Plugin[name=AppenderRef, class=org.apache.logging.log4j.core.config.AppenderRef].
2020-12-22 11:07:27,131 main DEBUG createAppenderRef(ref="LogToConsole", level="null", Filter=null)
2020-12-22 11:07:27,133 main DEBUG Building Plugin[name=root, class=org.apache.logging.log4j.core.config.LoggerConfig$RootLogger].
2020-12-22 11:07:27,137 main DEBUG createLogger(additivity="null", level="ERROR", includeLocation="null", ={LogToFile, LogToConsole}, ={}, Configuration(jar:file:/home/pi/Desktop/jar/ScreenShareApp_v11.jar!/BOOT-INF/classes!/log4j2.xml), Filter=null)
2020-12-22 11:07:27,138 main DEBUG Building Plugin[name=loggers, class=org.apache.logging.log4j.core.config.LoggersPlugin].
2020-12-22 11:07:27,140 main DEBUG createLoggers(={com.screenshare, org.springframework.boot, root})
2020-12-22 11:07:27,143 main DEBUG Configuration XmlConfiguration[location=jar:file:/home/pi/Desktop/jar/ScreenShareApp_v11.jar!/BOOT-INF/classes!/log4j2.xml] initialized
2020-12-22 11:07:27,145 main DEBUG Starting configuration XmlConfiguration[location=jar:file:/home/pi/Desktop/jar/ScreenShareApp_v11.jar!/BOOT-INF/classes!/log4j2.xml]
2020-12-22 11:07:27,148 main DEBUG Started configuration XmlConfiguration[location=jar:file:/home/pi/Desktop/jar/ScreenShareApp_v11.jar!/BOOT-INF/classes!/log4j2.xml] OK.
2020-12-22 11:07:27,151 main DEBUG Appender LogToFile stopped with status true
2020-12-22 11:07:27,153 main DEBUG Appender LogToConsole stopped with status true
2020-12-22 11:07:27,155 main DEBUG Stopped XmlConfiguration[location=jar:file:/home/pi/Desktop/jar/ScreenShareApp_v11.jar!/BOOT-INF/classes!/log4j2.xml] OK
2020-12-22 11:07:27,164 main DEBUG Registering MBean org.apache.logging.log4j2:type=1fa135a
2020-12-22 11:07:27,167 main DEBUG Registering MBean org.apache.logging.log4j2:type=1fa135a,component=StatusLogger
2020-12-22 11:07:27,169 main DEBUG Registering MBean org.apache.logging.log4j2:type=1fa135a,component=ContextSelector
2020-12-22 11:07:27,171 main DEBUG Registering MBean org.apache.logging.log4j2:type=1fa135a,component=Loggers,name=org.springframework.boot
2020-12-22 11:07:27,173 main DEBUG Registering MBean org.apache.logging.log4j2:type=1fa135a,component=Loggers,name=
2020-12-22 11:07:27,175 main DEBUG Registering MBean org.apache.logging.log4j2:type=1fa135a,component=Loggers,name=com.screenshare
2020-12-22 11:07:27,178 main DEBUG Registering MBean org.apache.logging.log4j2:type=1fa135a,component=Appenders,name=LogToConsole
2020-12-22 11:07:27,181 main DEBUG Registering MBean org.apache.logging.log4j2:type=1fa135a,component=Appenders,name=LogToFile
2020-12-22 11:07:27,183 main DEBUG Reconfiguration complete for context[name=1fa135a] at URI jar:file:/home/pi/Desktop/jar/ScreenShareApp_v11.jar!/BOOT-INF/classes!/log4j2.xml (org.apache.logging.log4j.core.LoggerContext@f7c8c1) with optional ClassLoader: null

  .   ____          _            __ _ _
 /\\ / ___'_ __ _ _(_)_ __  __ _ \ \ \ \
( ( )\___ | '_ | '_| | '_ \/ _` | \ \ \ \
 \\/  ___)| |_)| | | | | || (_| |  ) ) ) )
  '  |____| .__|_| |_|_| |_\__, | / / / /
 =========|_|==============|___/=/_/_/_/
 :: Spring Boot ::                (v2.4.1)

11:07:28.097 [main] INFO  com.screenshare.AppStart - Starting AppStart v0.0.1-SNAPSHOT using Java 1.8.0_212 on raspberrypi with PID 1159 (/home/pi/Desktop/jar/ScreenShareApp_v11.jar started by pi in /home/pi/Desktop/control)
11:07:28.132 [main] DEBUG com.screenshare.AppStart - Running with Spring Boot v2.4.1, Spring v5.3.2
11:07:28.137 [main] INFO  com.screenshare.AppStart - No active profile set, falling back to default profiles: default
